# JRE version: OpenJDK Runtime Environment (8.0_242-b01) (build 1.8.0_242-release-1644-b01)
# Java VM: OpenJDK 64-Bit Server VM (25.242-b01 mixed mode windows-amd64 compressed oops)
Heap:
 PSYoungGen      total 211456K, used 21466K [0x00000000d5580000, 0x00000000e7300000, 0x0000000100000000)
  eden space 193024K, 1% used [0x00000000d5580000,0x00000000d587b980,0x00000000e1200000)
  from space 18432K, 99% used [0x00000000e1200000,0x00000000e23fb060,0x00000000e2400000)
  to   space 18944K, 0% used [0x00000000e2400000,0x00000000e2400000,0x00000000e3680000)
 ParOldGen       total 185856K, used 31053K [0x0000000080000000, 0x000000008b580000, 0x00000000d5580000)
  object space 185856K, 16% used [0x0000000080000000,0x0000000081e534f0,0x000000008b580000)
 Metaspace       used 62733K, capacity 65786K, committed 65840K, reserved 1105920K
  class space    used 8659K, capacity 9262K, committed 9264K, reserved 1048576K
GC Heap History (10 events):
Event: 7.052 GC heap before
{Heap before GC invocations=10 (full 2):
 PSYoungGen      total 118272K, used 106496K [0x00000000d5580000, 0x00000000e1680000, 0x0000000100000000)
  eden space 106496K, 100% used [0x00000000d5580000,0x00000000dbd80000,0x00000000dbd80000)
  from space 11776K, 0% used [0x00000000dbd80000,0x00000000dbd80000,0x00000000dc900000)
  to   space 11776K, 0% used [0x00000000e0b00000,0x00000000e0b00000,0x00000000e1680000)
 ParOldGen       total 146944K, used 15523K [0x0000000080000000, 0x0000000088f80000, 0x00000000d5580000)
  object space 146944K, 10% used [0x0000000080000000,0x0000000080f28f50,0x0000000088f80000)
 Metaspace       used 44267K, capacity 45730K, committed 45872K, reserved 1089536K
  class space    used 6002K, capacity 6363K, committed 6448K, reserved 1048576K
Event: 7.063 GC heap after
Heap after GC invocations=10 (full 2):
 PSYoungGen      total 165376K, used 11745K [0x00000000d5580000, 0x00000000e1680000, 0x0000000100000000)
  eden space 153600K, 0% used [0x00000000d5580000,0x00000000d5580000,0x00000000deb80000)
  from space 11776K, 99% used [0x00000000e0b00000,0x00000000e1678608,0x00000000e1680000)
  to   space 13312K, 0% used [0x00000000dfc80000,0x00000000dfc80000,0x00000000e0980000)
 ParOldGen       total 146944K, used 17002K [0x0000000080000000, 0x0000000088f80000, 0x00000000d5580000)
  object space 146944K, 11% used [0x0000000080000000,0x000000008109a9a0,0x0000000088f80000)
 Metaspace       used 44267K, capacity 45730K, committed 45872K, reserved 1089536K
  class space    used 6002K, capacity 6363K, committed 6448K, reserved 1048576K
}
Event: 9.290 GC heap before
{Heap before GC invocations=11 (full 2):
 PSYoungGen      total 165376K, used 165345K [0x00000000d5580000, 0x00000000e1680000, 0x0000000100000000)
  eden space 153600K, 100% used [0x00000000d5580000,0x00000000deb80000,0x00000000deb80000)
  from space 11776K, 99% used [0x00000000e0b00000,0x00000000e1678608,0x00000000e1680000)
  to   space 13312K, 0% used [0x00000000dfc80000,0x00000000dfc80000,0x00000000e0980000)
 ParOldGen       total 146944K, used 17002K [0x0000000080000000, 0x0000000088f80000, 0x00000000d5580000)
  object space 146944K, 11% used [0x0000000080000000,0x000000008109a9a0,0x0000000088f80000)
 Metaspace       used 56909K, capacity 58926K, committed 59056K, reserved 1099776K
  class space    used 7806K, capacity 8252K, committed 8368K, reserved 1048576K
Event: 9.311 GC heap after
Heap after GC invocations=11 (full 2):
 PSYoungGen      total 184320K, used 13309K [0x00000000d5580000, 0x00000000e3680000, 0x0000000100000000)
  eden space 171008K, 0% used [0x00000000d5580000,0x00000000d5580000,0x00000000dfc80000)
  from space 13312K, 99% used [0x00000000dfc80000,0x00000000e097f7c0,0x00000000e0980000)
  to   space 18944K, 0% used [0x00000000e2400000,0x00000000e2400000,0x00000000e3680000)
 ParOldGen       total 146944K, used 27838K [0x0000000080000000, 0x0000000088f80000, 0x00000000d5580000)
  object space 146944K, 18% used [0x0000000080000000,0x0000000081b2fac0,0x0000000088f80000)
 Metaspace       used 56909K, capacity 58926K, committed 59056K, reserved 1099776K
  class space    used 7806K, capacity 8252K, committed 8368K, reserved 1048576K
}
Event: 9.335 GC heap before
{Heap before GC invocations=12 (full 2):
 PSYoungGen      total 184320K, used 16800K [0x00000000d5580000, 0x00000000e3680000, 0x0000000100000000)
  eden space 171008K, 2% used [0x00000000d5580000,0x00000000d58e88d0,0x00000000dfc80000)
  from space 13312K, 99% used [0x00000000dfc80000,0x00000000e097f7c0,0x00000000e0980000)
  to   space 18944K, 0% used [0x00000000e2400000,0x00000000e2400000,0x00000000e3680000)
 ParOldGen       total 146944K, used 27838K [0x0000000080000000, 0x0000000088f80000, 0x00000000d5580000)
  object space 146944K, 18% used [0x0000000080000000,0x0000000081b2fac0,0x0000000088f80000)
 Metaspace       used 57061K, capacity 59040K, committed 59160K, reserved 1099776K
  class space    used 7834K, capacity 8293K, committed 8368K, reserved 1048576K
Event: 9.345 GC heap after
Heap after GC invocations=12 (full 2):
 PSYoungGen      total 211968K, used 8250K [0x00000000d5580000, 0x00000000e7300000, 0x0000000100000000)
  eden space 193024K, 0% used [0x00000000d5580000,0x00000000d5580000,0x00000000e1200000)
  from space 18944K, 43% used [0x00000000e2400000,0x00000000e2c0ea00,0x00000000e3680000)
  to   space 18432K, 0% used [0x00000000e1200000,0x00000000e1200000,0x00000000e2400000)
 ParOldGen       total 146944K, used 33146K [0x0000000080000000, 0x0000000088f80000, 0x00000000d5580000)
  object space 146944K, 22% used [0x0000000080000000,0x000000008205e8c8,0x0000000088f80000)
 Metaspace       used 57061K, capacity 59040K, committed 59160K, reserved 1099776K
  class space    used 7834K, capacity 8293K, committed 8368K, reserved 1048576K
}
Event: 9.345 GC heap before
{Heap before GC invocations=13 (full 3):
 PSYoungGen      total 211968K, used 8250K [0x00000000d5580000, 0x00000000e7300000, 0x0000000100000000)
  eden space 193024K, 0% used [0x00000000d5580000,0x00000000d5580000,0x00000000e1200000)
  from space 18944K, 43% used [0x00000000e2400000,0x00000000e2c0ea00,0x00000000e3680000)
  to   space 18432K, 0% used [0x00000000e1200000,0x00000000e1200000,0x00000000e2400000)
 ParOldGen       total 146944K, used 33146K [0x0000000080000000, 0x0000000088f80000, 0x00000000d5580000)
  object space 146944K, 22% used [0x0000000080000000,0x000000008205e8c8,0x0000000088f80000)
 Metaspace       used 57061K, capacity 59040K, committed 59160K, reserved 1099776K
  class space    used 7834K, capacity 8293K, committed 8368K, reserved 1048576K
Event: 9.560 GC heap after
Heap after GC invocations=13 (full 3):
 PSYoungGen      total 211968K, used 0K [0x00000000d5580000, 0x00000000e7300000, 0x0000000100000000)
  eden space 193024K, 0% used [0x00000000d5580000,0x00000000d5580000,0x00000000e1200000)
  from space 18944K, 0% used [0x00000000e2400000,0x00000000e2400000,0x00000000e3680000)
  to   space 18432K, 0% used [0x00000000e1200000,0x00000000e1200000,0x00000000e2400000)
 ParOldGen       total 185856K, used 27650K [0x0000000080000000, 0x000000008b580000, 0x00000000d5580000)
  object space 185856K, 14% used [0x0000000080000000,0x0000000081b00b90,0x000000008b580000)
 Metaspace       used 57031K, capacity 58938K, committed 59160K, reserved 1099776K
  class space    used 7824K, capacity 8276K, committed 8368K, reserved 1048576K
}
Event: 12.297 GC heap before
{Heap before GC invocations=14 (full 3):
 PSYoungGen      total 211968K, used 193024K [0x00000000d5580000, 0x00000000e7300000, 0x0000000100000000)
  eden space 193024K, 100% used [0x00000000d5580000,0x00000000e1200000,0x00000000e1200000)
  from space 18944K, 0% used [0x00000000e2400000,0x00000000e2400000,0x00000000e3680000)
  to   space 18432K, 0% used [0x00000000e1200000,0x00000000e1200000,0x00000000e2400000)
 ParOldGen       total 185856K, used 27650K [0x0000000080000000, 0x000000008b580000, 0x00000000d5580000)
  object space 185856K, 14% used [0x0000000080000000,0x0000000081b00b90,0x000000008b580000)
 Metaspace       used 62577K, capacity 65616K, committed 65840K, reserved 1105920K
  class space    used 8640K, capacity 9255K, committed 9264K, reserved 1048576K
Event: 12.317 GC heap after
Heap after GC invocations=14 (full 3):
 PSYoungGen      total 211456K, used 18412K [0x00000000d5580000, 0x00000000e7300000, 0x0000000100000000)
  eden space 193024K, 0% used [0x00000000d5580000,0x00000000d5580000,0x00000000e1200000)
  from space 18432K, 99% used [0x00000000e1200000,0x00000000e23fb060,0x00000000e2400000)
  to   space 18944K, 0% used [0x00000000e2400000,0x00000000e2400000,0x00000000e3680000)
 ParOldGen       total 185856K, used 31053K [0x0000000080000000, 0x000000008b580000, 0x00000000d5580000)
  object space 185856K, 16% used [0x0000000080000000,0x0000000081e534f0,0x000000008b580000)
 Metaspace       used 62577K, capacity 65616K, committed 65840K, reserved 1105920K
  class space    used 8640K, capacity 9255K, committed 9264K, reserved 1048576K
}

